[22:26:59] [ServerMain/INFO]: Environment: Environment[sessionHost=https://sessionserver.mojang.com, servicesHost=https://api.minecraftservices.com, name=PROD]
[22:27:01] [ServerMain/INFO]: No existing world data, creating new world
[22:27:03] [ServerMain/INFO]: Loaded 1290 recipes
[22:27:04] [ServerMain/INFO]: Loaded 1399 advancements
[22:27:05] [Server thread/INFO]: Starting minecraft server version 1.21.1
[22:27:05] [Server thread/INFO]: Loading properties
[22:27:05] [Server thread/INFO]: Default game type: SURVIVAL
[22:27:05] [Server thread/INFO]: Generating keypair
[22:27:05] [Server thread/INFO]: Starting Minecraft server on *:25565
[22:27:06] [Server thread/INFO]: Using epoll channel type
[22:27:06] [Server thread/INFO]: Preparing level "world"
[22:27:34] [Server thread/INFO]: Preparing start region for dimension minecraft:overworld
[22:27:34] [Worker-Main-1/INFO]: Preparing spawn area: 2%
[22:27:35] [Worker-Main-1/INFO]: Preparing spawn area: 2%
[22:27:38] [Worker-Main-1/INFO]: Preparing spawn area: 2%
[22:27:38] [Worker-Main-1/INFO]: Preparing spawn area: 2%
[22:27:38] [Worker-Main-1/INFO]: Preparing spawn area: 2%
[22:27:38] [Worker-Main-1/INFO]: Preparing spawn area: 2%
[22:27:38] [Worker-Main-1/INFO]: Preparing spawn area: 2%
[22:27:38] [Worker-Main-1/INFO]: Preparing spawn area: 2%
[22:27:38] [Worker-Main-1/INFO]: Preparing spawn area: 2%
[22:27:39] [Worker-Main-1/INFO]: Preparing spawn area: 2%
[22:27:39] [Worker-Main-1/INFO]: Preparing spawn area: 2%
[22:27:41] [Worker-Main-1/INFO]: Preparing spawn area: 2%
[22:27:41] [Worker-Main-1/INFO]: Preparing spawn area: 2%
[22:27:41] [Worker-Main-1/INFO]: Preparing spawn area: 2%
[22:27:41] [Worker-Main-1/INFO]: Preparing spawn area: 4%
[22:27:42] [Worker-Main-1/INFO]: Preparing spawn area: 4%
[22:27:43] [Worker-Main-1/INFO]: Preparing spawn area: 4%
[22:27:43] [Worker-Main-1/INFO]: Preparing spawn area: 4%
[22:27:43] [Worker-Main-1/INFO]: Preparing spawn area: 4%
[22:27:44] [Worker-Main-1/INFO]: Preparing spawn area: 4%
[22:27:44] [Worker-Main-1/INFO]: Preparing spawn area: 4%
[22:27:45] [Worker-Main-1/INFO]: Preparing spawn area: 4%
[22:27:48] [Worker-Main-1/INFO]: Preparing spawn area: 4%
[22:27:48] [Worker-Main-1/INFO]: Preparing spawn area: 4%
[22:27:48] [Worker-Main-1/INFO]: Preparing spawn area: 4%
[22:27:48] [Worker-Main-1/INFO]: Preparing spawn area: 4%
[22:27:48] [Worker-Main-1/INFO]: Preparing spawn area: 4%
[22:27:48] [Worker-Main-1/INFO]: Preparing spawn area: 4%
[22:27:48] [Worker-Main-1/INFO]: Preparing spawn area: 4%
[22:27:49] [Worker-Main-1/INFO]: Preparing spawn area: 4%
[22:27:50] [Worker-Main-1/INFO]: Preparing spawn area: 4%
[22:27:50] [Worker-Main-1/INFO]: Preparing spawn area: 4%
[22:27:50] [Worker-Main-1/INFO]: Preparing spawn area: 4%
[22:27:51] [Worker-Main-1/INFO]: Preparing spawn area: 4%
[22:27:51] [Worker-Main-1/INFO]: Preparing spawn area: 4%
[22:27:52] [Worker-Main-1/INFO]: Preparing spawn area: 4%
[22:27:53] [Worker-Main-1/INFO]: Preparing spawn area: 4%
[22:27:53] [Worker-Main-1/INFO]: Preparing spawn area: 4%
[22:27:53] [Worker-Main-1/INFO]: Preparing spawn area: 6%
[22:27:54] [Worker-Main-1/INFO]: Preparing spawn area: 8%
[22:27:54] [Worker-Main-1/INFO]: Preparing spawn area: 8%
[22:27:55] [Worker-Main-1/INFO]: Preparing spawn area: 8%
[22:27:55] [Worker-Main-1/INFO]: Preparing spawn area: 8%
[22:27:56] [Worker-Main-1/INFO]: Preparing spawn area: 8%
[22:27:56] [Worker-Main-1/INFO]: Preparing spawn area: 22%
[22:27:57] [Server thread/INFO]: Time elapsed: 22798 ms
[22:27:57] [Server thread/INFO]: Done (51.378s)! For help, type "help"
[22:27:57] [Server thread/INFO]: Starting remote control listener
[22:27:57] [Server thread/INFO]: Thread RCON Listener started
[22:27:57] [Server thread/INFO]: RCON running on 0.0.0.0:25575
[22:28:26] [User Authenticator #1/INFO]: UUID of player Wordlesschunk is 53c5495a-b58b-4a05-912b-16d55b312947
[22:28:28] [Server thread/INFO]: Wordlesschunk[/51.9.152.25:50268] logged in with entity id 13 at (-8.5, 64.0, 1.5)
[22:28:28] [Server thread/INFO]: Wordlesschunk joined the game
[22:29:01] [Server thread/INFO]: Wordlesschunk lost connection: Disconnected
[22:29:01] [Server thread/INFO]: Wordlesschunk left the game
[22:29:25] [RCON Listener #1/INFO]: Thread RCON Client /0:0:0:0:0:0:0:1 started
[22:29:25] [Server thread/INFO]: [Rcon: Stopping the server]
[22:29:25] [RCON Client /0:0:0:0:0:0:0:1 #2/INFO]: Thread RCON Client /0:0:0:0:0:0:0:1 shutting down
[22:29:25] [Server thread/INFO]: Stopping server
[22:29:25] [Server thread/INFO]: Saving players
[22:29:25] [Server thread/INFO]: Saving worlds
[22:29:26] [Server thread/INFO]: Saving chunks for level 'ServerLevel[world]'/minecraft:overworld
[22:29:29] [Server thread/INFO]: Saving chunks for level 'ServerLevel[world]'/minecraft:the_end
[22:29:29] [Server thread/INFO]: Saving chunks for level 'ServerLevel[world]'/minecraft:the_nether
[22:29:29] [Server thread/INFO]: ThreadedAnvilChunkStorage (world): All chunks are saved
[22:29:29] [Server thread/INFO]: ThreadedAnvilChunkStorage (DIM1): All chunks are saved
[22:29:29] [Server thread/INFO]: ThreadedAnvilChunkStorage (DIM-1): All chunks are saved
[22:29:29] [Server thread/INFO]: ThreadedAnvilChunkStorage: All dimensions are saved
[22:29:29] [Server thread/INFO]: Thread RCON Listener stopped
